<?xml version="1.0" encoding="UTF-8"?>
<Site BuildName="(empty)"
	BuildStamp="20250308-0309-Experimental"
	Name="(empty)"
	Generator="ctest-3.31.6"
	CompilerName=""
	CompilerVersion=""
	OSName="Windows"
	Hostname="MANEL-TORRE"
	OSRelease=" Professional"
	OSVersion=" (Build 26100)"
	OSPlatform="AMD64"
	Is64Bits="1"
	VendorString="GenuineIntel"
	VendorID="Intel Corporation"
	FamilyID="6"
	ModelID="7"
	ModelName=""
	ProcessorCacheSize="-1"
	NumberOfLogicalCPU="20"
	NumberOfPhysicalCPU="14"
	TotalVirtualMemory="51030"
	TotalPhysicalMemory="32598"
	LogicalProcessorsPerPhysical="1"
	ProcessorClockFrequency="3494"
	>
	<Testing>
		<StartDateTime>Mar 08 03:09 GMT Standard Time</StartDateTime>
		<StartTestTime>1741403387</StartTestTime>
		<TestList/>
		<EndDateTime>Mar 08 03:09 GMT Standard Time</EndDateTime>
		<EndTestTime>1741403387</EndTestTime>
		<ElapsedMinutes>0</ElapsedMinutes>
	</Testing>
</Site>
